SF:lib/listen_it.dart
DA:51,1
DA:54,1
DA:55,3
DA:56,2
DA:60,1
DA:61,1
DA:95,1
DA:98,1
DA:99,4
DA:100,2
DA:116,7
DA:118,7
DA:119,14
DA:141,3
DA:143,3
DA:144,6
DA:186,4
DA:192,8
DA:194,4
DA:200,1
DA:202,4
DA:238,3
DA:239,6
DA:250,3
DA:251,3
DA:252,3
DA:304,4
DA:309,4
DA:310,12
DA:327,3
DA:332,3
DA:333,12
DA:351,3
DA:357,3
DA:358,12
DA:359,3
DA:382,3
DA:389,3
DA:390,12
DA:391,6
DA:416,3
DA:424,3
DA:425,12
DA:426,9
DA:485,5
DA:489,10
DA:500,1
DA:501,1
DA:502,1
DA:506,1
DA:507,1
DA:508,3
DA:509,3
DA:510,1
LF:54
LH:54
end_of_record
SF:lib/src/functional_change_notifiers.dart
DA:12,1
DA:18,1
DA:20,3
DA:21,1
DA:24,1
DA:26,1
DA:27,0
DA:29,1
DA:32,1
DA:34,3
DA:35,1
DA:43,1
DA:46,1
DA:47,1
DA:50,1
DA:52,2
DA:53,2
DA:54,4
DA:56,1
LF:19
LH:18
end_of_record
SF:lib/src/functional_value_notifiers.dart
DA:16,7
DA:23,12
DA:29,7
DA:31,21
DA:32,7
DA:35,7
DA:37,7
DA:38,10
DA:39,5
DA:40,3
DA:43,6
DA:46,7
DA:52,3
DA:55,9
DA:56,3
DA:57,3
DA:60,3
DA:62,3
DA:63,6
DA:64,3
DA:68,2
DA:70,2
DA:71,6
DA:73,2
DA:81,4
DA:88,3
DA:90,6
DA:91,9
DA:92,6
DA:93,3
DA:96,3
DA:103,7
DA:110,7
DA:112,14
DA:113,28
DA:115,7
DA:122,4
DA:129,4
DA:131,8
DA:132,12
DA:133,8
DA:136,4
DA:144,3
DA:151,3
DA:153,5
DA:154,4
DA:155,2
DA:156,2
DA:157,2
DA:158,6
DA:161,3
DA:164,1
DA:166,2
DA:167,1
DA:172,3
DA:174,3
DA:176,5
DA:177,8
DA:179,3
DA:193,4
DA:202,9
DA:206,4
DA:210,4
DA:211,24
DA:212,8
DA:213,8
DA:214,4
DA:217,4
DA:221,4
DA:222,9
DA:223,3
DA:224,1
DA:225,2
DA:228,4
DA:231,2
DA:233,2
DA:234,4
DA:235,6
DA:236,6
DA:237,2
DA:238,2
DA:242,1
DA:244,1
DA:245,3
DA:246,3
DA:248,1
DA:268,3
DA:277,8
DA:281,3
DA:286,11
DA:287,2
DA:288,2
DA:289,2
DA:291,6
DA:292,6
DA:293,6
DA:294,3
DA:297,3
DA:301,3
DA:302,12
DA:303,3
DA:304,1
DA:305,2
DA:308,3
DA:311,1
DA:313,1
DA:314,2
DA:315,3
DA:316,3
DA:317,3
DA:318,1
DA:319,1
DA:323,1
DA:325,1
DA:326,3
DA:327,3
DA:328,3
DA:330,1
DA:352,3
DA:362,2
DA:363,2
DA:364,2
DA:365,2
DA:366,2
DA:371,3
DA:377,11
DA:378,2
DA:379,2
DA:380,2
DA:381,2
DA:383,6
DA:384,6
DA:385,6
DA:386,6
DA:387,3
DA:390,3
DA:394,3
DA:395,3
DA:396,3
DA:397,3
DA:398,3
DA:399,3
DA:401,3
DA:402,1
DA:403,2
DA:406,3
DA:409,1
DA:411,1
DA:412,2
DA:413,3
DA:414,3
DA:415,3
DA:416,3
DA:417,1
DA:418,1
DA:422,1
DA:424,1
DA:425,3
DA:426,3
DA:427,3
DA:428,3
DA:430,1
DA:454,3
DA:465,2
DA:466,2
DA:467,2
DA:468,2
DA:469,2
DA:470,2
DA:475,3
DA:482,11
DA:483,2
DA:484,2
DA:485,2
DA:486,2
DA:487,2
DA:489,6
DA:490,6
DA:491,6
DA:492,6
DA:493,6
DA:494,3
DA:497,3
DA:501,3
DA:502,3
DA:503,3
DA:504,3
DA:505,3
DA:506,3
DA:507,3
DA:509,3
DA:510,1
DA:511,2
DA:514,3
DA:517,1
DA:519,1
DA:520,2
DA:521,3
DA:522,3
DA:523,3
DA:524,3
DA:525,3
DA:526,1
DA:527,1
DA:531,1
DA:533,1
DA:534,3
DA:535,3
DA:536,3
DA:537,3
DA:538,3
DA:540,1
DA:560,3
DA:572,2
DA:573,2
DA:574,2
DA:575,2
DA:576,2
DA:577,2
DA:578,2
DA:583,3
DA:591,11
DA:592,2
DA:593,2
DA:594,2
DA:595,2
DA:596,2
DA:597,2
DA:599,6
DA:600,6
DA:601,6
DA:602,6
DA:603,6
DA:604,6
DA:605,3
DA:608,3
DA:612,3
DA:613,3
DA:614,3
DA:615,3
DA:616,3
DA:617,3
DA:618,3
DA:619,3
DA:621,3
DA:622,1
DA:623,2
DA:626,3
DA:629,1
DA:631,1
DA:632,2
DA:633,3
DA:634,3
DA:635,3
DA:636,3
DA:637,3
DA:638,3
DA:639,1
DA:640,1
DA:644,1
DA:646,1
DA:647,3
DA:648,3
DA:649,3
DA:650,3
DA:651,3
DA:652,3
DA:654,1
DA:662,5
DA:667,5
DA:669,5
DA:671,20
DA:672,9
DA:673,5
DA:674,4
DA:675,5
DA:677,11
DA:678,5
DA:681,4
DA:683,1
DA:685,3
DA:686,1
DA:689,1
DA:691,1
DA:692,3
DA:694,1
LF:286
LH:286
end_of_record
SF:lib/src/custom_value_notifier.dart
DA:13,8
DA:14,4
DA:46,3
DA:47,6
DA:48,3
DA:49,2
DA:50,1
DA:51,1
DA:56,3
DA:77,1
DA:79,2
DA:100,3
DA:104,3
DA:105,6
DA:107,3
DA:110,3
DA:140,3
DA:142,6
DA:145,3
DA:148,12
DA:149,6
DA:150,6
DA:153,12
DA:154,9
DA:155,9
DA:157,3
DA:160,12
DA:163,2
DA:169,4
DA:170,10
DA:172,4
DA:175,3
DA:176,3
DA:180,5
DA:181,4
DA:184,2
DA:189,3
DA:190,5
DA:192,3
DA:209,2
DA:216,6
DA:217,4
DA:218,2
DA:219,4
DA:224,2
DA:225,2
DA:229,2
DA:245,2
DA:248,4
DA:250,4
DA:255,4
DA:256,2
DA:258,2
DA:259,2
DA:260,4
DA:262,4
DA:263,2
DA:281,3
DA:288,6
DA:289,6
DA:304,6
DA:306,3
DA:307,6
DA:309,9
DA:312,2
DA:314,1
DA:315,1
DA:319,1
DA:320,2
DA:322,2
DA:323,1
DA:324,2
DA:335,6
DA:337,12
DA:339,3
DA:340,4
DA:344,1
DA:347,3
DA:348,2
DA:350,2
DA:354,1
DA:357,0
DA:358,0
DA:360,0
DA:361,0
DA:362,0
DA:364,0
DA:365,0
DA:370,1
DA:371,1
DA:391,4
DA:407,1
DA:408,1
DA:410,3
DA:411,6
DA:412,3
DA:415,10
DA:416,3
DA:417,3
DA:421,3
DA:426,3
DA:427,4
DA:429,6
DA:433,3
DA:435,3
DA:436,6
DA:439,2
DA:441,2
DA:442,4
DA:445,2
DA:447,2
DA:448,2
LF:112
LH:105
end_of_record
SF:lib/src/collections/list_notifier.dart
DA:50,1
DA:55,2
DA:81,1
DA:82,2
DA:83,1
DA:87,1
DA:88,1
DA:89,1
DA:90,1
DA:100,1
DA:101,1
DA:102,1
DA:103,2
DA:107,1
DA:108,1
DA:109,1
DA:110,1
DA:113,1
DA:114,1
DA:117,1
DA:118,1
DA:119,1
DA:120,1
DA:122,1
DA:123,1
DA:124,1
DA:127,1
DA:131,1
DA:132,1
DA:142,1
DA:143,1
DA:148,0
DA:150,0
DA:151,0
DA:152,0
DA:155,1
DA:156,1
DA:158,1
DA:161,5
DA:162,1
DA:164,1
DA:165,1
DA:168,1
DA:170,1
DA:171,1
DA:172,1
DA:175,1
DA:177,1
DA:178,1
DA:179,1
DA:182,1
DA:184,2
DA:185,1
DA:186,1
DA:189,1
DA:191,1
DA:192,0
DA:194,2
DA:197,0
DA:199,3
DA:200,1
DA:201,2
DA:205,1
DA:206,1
DA:209,1
DA:211,1
DA:212,1
DA:213,1
DA:216,1
DA:218,1
DA:219,1
DA:220,1
DA:223,1
DA:225,1
DA:226,1
DA:227,1
DA:231,1
DA:233,1
DA:234,1
DA:235,1
DA:239,1
DA:241,1
DA:242,1
DA:243,1
DA:247,1
DA:249,1
DA:250,1
DA:251,1
DA:254,1
DA:256,2
DA:257,1
DA:259,1
DA:263,1
DA:266,1
DA:268,2
DA:270,1
DA:271,2
DA:273,1
DA:275,1
DA:276,1
DA:279,1
DA:281,2
DA:282,1
DA:284,1
DA:288,1
DA:291,1
DA:293,1
DA:296,1
DA:297,1
DA:300,1
DA:302,1
DA:305,1
DA:306,1
DA:309,1
DA:311,1
DA:314,1
DA:315,1
DA:318,1
DA:320,1
DA:323,1
DA:324,1
LF:121
LH:115
end_of_record
SF:lib/src/collections/map_notifier.dart
DA:61,1
DA:66,2
DA:109,1
DA:110,2
DA:111,1
DA:115,1
DA:116,1
DA:117,1
DA:118,1
DA:129,1
DA:130,1
DA:132,1
DA:133,1
DA:135,1
DA:137,1
DA:138,2
DA:139,3
DA:140,1
DA:142,1
DA:143,1
DA:146,1
DA:148,1
DA:149,1
DA:150,1
DA:153,1
DA:154,1
DA:157,1
DA:158,1
DA:159,1
DA:160,1
DA:162,1
DA:163,1
DA:164,1
DA:167,1
DA:170,1
DA:172,1
DA:175,1
DA:177,1
DA:178,1
DA:179,1
DA:182,1
DA:184,2
DA:185,1
DA:186,1
DA:200,1
DA:202,1
DA:204,1
DA:205,1
DA:206,1
DA:207,1
DA:211,2
DA:212,1
DA:214,1
DA:217,1
DA:219,1
DA:220,1
DA:221,1
DA:222,1
DA:223,1
DA:228,1
DA:230,2
DA:231,1
DA:233,1
DA:238,1
DA:241,1
DA:243,1
DA:244,1
DA:245,1
DA:246,1
DA:247,3
DA:248,2
DA:249,1
DA:254,1
DA:255,1
DA:256,1
DA:257,1
DA:261,0
DA:264,1
DA:266,2
DA:267,1
DA:269,2
DA:270,2
DA:274,1
LF:83
LH:82
end_of_record
SF:lib/src/collections/set_notifier.dart
DA:75,1
DA:79,1
DA:122,1
DA:123,2
DA:124,1
DA:128,1
DA:129,1
DA:130,1
DA:131,1
DA:134,1
DA:135,1
DA:138,1
DA:139,1
DA:140,1
DA:141,1
DA:143,1
DA:144,1
DA:145,1
DA:148,1
DA:152,1
DA:153,1
DA:163,1
DA:164,1
DA:169,1
DA:171,1
DA:172,1
DA:173,1
DA:177,1
DA:179,1
DA:183,1
DA:184,1
DA:187,1
DA:189,2
DA:190,1
DA:191,1
DA:194,1
DA:196,1
DA:197,1
DA:198,1
DA:202,1
DA:204,1
DA:205,1
DA:206,3
DA:207,1
DA:210,1
DA:212,2
DA:213,1
DA:215,1
DA:219,1
DA:222,1
DA:224,1
DA:225,1
DA:226,3
DA:227,1
DA:230,1
DA:232,2
DA:233,1
DA:235,1
DA:239,1
LF:59
LH:59
end_of_record
